<?xml version="1.0" encoding="UTF-8"?>
<!-- Generated by org.testng.reporters.JUnitReportReporter -->
<testsuite skipped="0" hostname="Admins-MacBook-Pro-2.local" name="practice.AppiumFramework.FirstTest" tests="1" failures="0" timestamp="2021-05-22T22:41:58 IST" time="20.046" errors="0">
  <testcase name="apiDemoTest" time="20.046" classname="practice.AppiumFramework.FirstTest"/>
  <system-out/>
</testsuite> <!-- practice.AppiumFramework.FirstTest -->
